<?xml version="1.0" encoding="UTF-8"?>
<!-- Generated by org.testng.reporters.JUnitReportReporter -->
<testsuite hostname="SubhanPC" failures="0" tests="1" name="FB_Signup" time="4.478" errors="0" timestamp="2024-07-06T11:24:45 IST" skipped="0">
  <testcase classname="FB_Signup" name="tc1" time="4.478"/>
  <system-out/>
</testsuite> <!-- FB_Signup -->
