<?xml version="1.0" encoding="UTF-8"?>
<!-- Generated by org.testng.reporters.JUnitReportReporter -->
<testsuite hostname="SubhanPC" failures="0" tests="2" name="Date_Picker" time="1.647" errors="0" timestamp="2024-07-06T10:33:59 IST" skipped="0">
  <testcase classname="Date_Picker" name="tc2" time="0.131"/>
  <system-out/>
  <testcase classname="Date_Picker" name="tc1" time="1.516"/>
  <system-out/>
</testsuite> <!-- Date_Picker -->
