<?xml version="1.0" encoding="UTF-8"?>
<!-- Generated by org.testng.reporters.JUnitReportReporter -->
<testsuite hostname="SubhanPC" failures="0" tests="1" name="Mouse_Over" time="7.237" errors="0" timestamp="2024-07-06T16:08:19 IST" skipped="0">
  <testcase classname="Mouse_Over" name="tc1" time="7.237"/>
  <system-out/>
</testsuite> <!-- Mouse_Over -->
